<?xml version="1.0" encoding="UTF-8"?>
<!-- Generated by org.testng.reporters.JUnitReportReporter -->
<testsuite hostname="RRS.local" failures="0" tests="1" name="testClasses.DemoQAAlerts" time="32.674" errors="0" timestamp="2023-05-04T09:36:47 IST" skipped="0">
  <testcase classname="testClasses.DemoQAAlerts" name="Verify_Alert" time="32.674"/>
  <system-out/>
</testsuite> <!-- testClasses.DemoQAAlerts -->
